
****** xsim v2025.1.1 (64-bit)
  **** SW Build 6233196 on Thu Sep 11 21:27:30 MDT 2025
  **** IP Build 6232796 on Fri Sep 12 01:46:16 MDT 2025
  **** SharedData Build 6233195 on Thu Sep 11 17:56:43 MDT 2025
  **** Start of session at: Mon Jul 13 20:06:06 2026
    ** Copyright 1986-2022 Xilinx, Inc. All Rights Reserved.
    ** Copyright 2022-2025 Advanced Micro Devices, Inc. All Rights Reserved.

source xsim.dir/tb_dot_product_int8_vivado/xsim_script.tcl
# xsim {tb_dot_product_int8_vivado} -wdb {C:/Users/avent/cocotb-int8-dot-product-accelerator/artifacts/waves/vivado_dot_product.wdb} -autoloadwcfg -tclbatch {C:/Users/avent/cocotb-int8-dot-product-accelerator/vivado/run_xsim.tcl}
Time resolution is 1 ps
source C:/Users/avent/cocotb-int8-dot-product-accelerator/vivado/run_xsim.tcl
## log_wave -recursive *
## run all
75000: output[0] = 70 (PASS)
95000: output[1] = 65536 (PASS)
115000: output[2] = -70 (PASS)
205000: output[3] = -32510 (PASS)
215000: output[4] = -540 (PASS)
225000: output[5] = 64516 (PASS)
245000: output[6] = 0 (PASS)
VIVADO RTL PASS: 7 vectors checked; signed INT8 corner = 65536
$finish called at time : 345 ns : File "C:/Users/avent/cocotb-int8-dot-product-accelerator/tb/tb_dot_product_int8_vivado.sv" Line 163
## quit
INFO: [Common 17-206] Exiting xsim at Mon Jul 13 20:06:08 2026...
