Copyright 1986-2022 Xilinx, Inc. All Rights Reserved. Copyright 2022-2025 Advanced Micro Devices, Inc. All Rights Reserved.
--------------------------------------------------------------------------------------------------------------------------------------------------
| Tool Version      : Vivado v.2025.1.1 (win64) Build 6233196 Thu Sep 11 21:27:30 MDT 2025
| Date              : Mon Jul 13 17:11:49 2026
| Host              : Fortune running 64-bit major release  (build 9200)
| Command           : report_timing_summary -file C:/taylor_sim/post_route_timing_summary.rpt
| Design            : dot_product_int8_vivado
| Device            : xczu3eg-sfva625
| Speed File        : -1L  PRODUCTION 1.30 05-15-2022
| Design State      : Routed
| Temperature Grade : I
--------------------------------------------------------------------------------------------------------------------------------------------------

Timing Summary Report

------------------------------------------------------------------------------------------------
| Timer Settings
| --------------
------------------------------------------------------------------------------------------------

  Enable Multi Corner Analysis               :  Yes
  Enable Pessimism Removal                   :  Yes
  Pessimism Removal Resolution               :  Nearest Common Node
  Enable Input Delay Default Clock           :  No
  Enable Preset / Clear Arcs                 :  No
  Disable Flight Delays                      :  No
  Ignore I/O Paths                           :  No
  Timing Early Launch at Borrowing Latches   :  No
  Borrow Time for Max Delay Exceptions       :  Yes
  Merge Timing Exceptions                    :  Yes
  Inter-SLR Compensation                     :  Conservative

  Corner  Analyze    Analyze
  Name    Max Paths  Min Paths
  ------  ---------  ---------
  Slow    Yes        Yes
  Fast    Yes        Yes


------------------------------------------------------------------------------------------------
| Report Methodology
| ------------------
------------------------------------------------------------------------------------------------

Rule     Severity  Description                               Violations
-------  --------  ----------------------------------------  ----------
SYNTH-9  Warning   Small multiplier                          32
XDCH-2   Warning   Same min and max delay values on IO port  87

Note: This report is based on the most recent report_methodology run and may not be up-to-date. Run report_methodology on the current design for the latest report.



check_timing report

Table of Contents
-----------------
1. checking no_clock (0)
2. checking constant_clock (0)
3. checking pulse_width_clock (0)
4. checking unconstrained_internal_endpoints (0)
5. checking no_input_delay (0)
6. checking no_output_delay (0)
7. checking multiple_clock (0)
8. checking generated_clocks (0)
9. checking loops (0)
10. checking partial_input_delay (0)
11. checking partial_output_delay (0)
12. checking latch_loops (0)

1. checking no_clock (0)
------------------------
 There are 0 register/latch pins with no clock.


2. checking constant_clock (0)
------------------------------
 There are 0 register/latch pins with constant_clock.


3. checking pulse_width_clock (0)
---------------------------------
 There are 0 register/latch pins which need pulse_width check


4. checking unconstrained_internal_endpoints (0)
------------------------------------------------
 There are 0 pins that are not constrained for maximum delay.

 There are 0 pins that are not constrained for maximum delay due to constant clock.


5. checking no_input_delay (0)
------------------------------
 There are 0 input ports with no input delay specified.

 There are 0 input ports with no input delay but user has a false path constraint.


6. checking no_output_delay (0)
-------------------------------
 There are 0 ports with no output delay specified.

 There are 0 ports with no output delay but user has a false path constraint

 There are 0 ports with no output delay but with a timing clock defined on it or propagating through it


7. checking multiple_clock (0)
------------------------------
 There are 0 register/latch pins with multiple clocks.


8. checking generated_clocks (0)
--------------------------------
 There are 0 generated clocks that are not connected to a clock source.


9. checking loops (0)
---------------------
 There are 0 combinational loops in the design.


10. checking partial_input_delay (0)
------------------------------------
 There are 0 input ports with partial input delay specified.


11. checking partial_output_delay (0)
-------------------------------------
 There are 0 ports with partial output delay specified.


12. checking latch_loops (0)
----------------------------
 There are 0 combinational latch loops in the design through latch input



------------------------------------------------------------------------------------------------
| Design Timing Summary
| ---------------------
------------------------------------------------------------------------------------------------

    WNS(ns)      TNS(ns)  TNS Failing Endpoints  TNS Total Endpoints      WHS(ns)      THS(ns)  THS Failing Endpoints  THS Total Endpoints     WPWS(ns)     TPWS(ns)  TPWS Failing Endpoints  TPWS Total Endpoints
    -------      -------  ---------------------  -------------------      -------      -------  ---------------------  -------------------     --------     --------  ----------------------  --------------------
      1.538        0.000                      0                  270        0.077        0.000                      0                  270        4.725        0.000                       0                    85


All user specified timing constraints are met.


------------------------------------------------------------------------------------------------
| Clock Summary
| -------------
------------------------------------------------------------------------------------------------

Clock  Waveform(ns)       Period(ns)      Frequency(MHz)
-----  ------------       ----------      --------------
clk    {0.000 5.000}      10.000          100.000


------------------------------------------------------------------------------------------------
| Intra Clock Table
| -----------------
------------------------------------------------------------------------------------------------

Clock             WNS(ns)      TNS(ns)  TNS Failing Endpoints  TNS Total Endpoints      WHS(ns)      THS(ns)  THS Failing Endpoints  THS Total Endpoints     WPWS(ns)     TPWS(ns)  TPWS Failing Endpoints  TPWS Total Endpoints
-----             -------      -------  ---------------------  -------------------      -------      -------  ---------------------  -------------------     --------     --------  ----------------------  --------------------
clk                 1.538        0.000                      0                  270        0.077        0.000                      0                  270        4.725        0.000                       0                    85


------------------------------------------------------------------------------------------------
| Inter Clock Table
| -----------------
------------------------------------------------------------------------------------------------

From Clock    To Clock          WNS(ns)      TNS(ns)  TNS Failing Endpoints  TNS Total Endpoints      WHS(ns)      THS(ns)  THS Failing Endpoints  THS Total Endpoints
----------    --------          -------      -------  ---------------------  -------------------      -------      -------  ---------------------  -------------------


------------------------------------------------------------------------------------------------
| Other Path Groups Table
| -----------------------
------------------------------------------------------------------------------------------------

Path Group    From Clock    To Clock          WNS(ns)      TNS(ns)  TNS Failing Endpoints  TNS Total Endpoints      WHS(ns)      THS(ns)  THS Failing Endpoints  THS Total Endpoints
----------    ----------    --------          -------      -------  ---------------------  -------------------      -------      -------  ---------------------  -------------------


------------------------------------------------------------------------------------------------
| Timing Details
| --------------
------------------------------------------------------------------------------------------------


---------------------------------------------------------------------------------------------------
From Clock:  clk
  To Clock:  clk

Setup :            0  Failing Endpoints,  Worst Slack        1.538ns,  Total Violation        0.000ns
Hold  :            0  Failing Endpoints,  Worst Slack        0.077ns,  Total Violation        0.000ns
PW    :            0  Failing Endpoints,  Worst Slack        4.725ns,  Total Violation        0.000ns
---------------------------------------------------------------------------------------------------


Max Delay Paths
--------------------------------------------------------------------------------------
Slack (MET) :             1.538ns  (required time - arrival time)
  Source:                 out_ready
                            (input port clocked by clk  {rise@0.000ns fall@5.000ns period=10.000ns})
  Destination:            in_ready
                            (output port clocked by clk  {rise@0.000ns fall@5.000ns period=10.000ns})
  Path Group:             clk
  Path Type:              Max at Slow Process Corner
  Requirement:            10.000ns  (clk rise@10.000ns - clk rise@0.000ns)
  Data Path Delay:        4.426ns  (logic 1.582ns (35.747%)  route 2.844ns (64.253%))
  Logic Levels:           4  (IBUFCTRL=1 INBUF=1 LUT3=1 OBUF=1)
  Input Delay:            2.000ns
  Output Delay:           2.000ns
  Clock Uncertainty:      0.035ns  ((TSJ^2 + TIJ^2)^1/2 + DJ) / 2 + PE
    Total System Jitter     (TSJ):    0.071ns
    Total Input Jitter      (TIJ):    0.000ns
    Discrete Jitter          (DJ):    0.000ns
    Phase Error              (PE):    0.000ns

    Location             Delay type                Incr(ns)  Path(ns)    Netlist Resource(s)
  -------------------------------------------------------------------    -------------------
                         (clock clk rise edge)        0.000     0.000 r
                         input delay                  2.000     2.000
    U6                                                0.000     2.000 r  out_ready (IN)
                         net (fo=0)                   0.000     2.000    out_ready_IBUF_inst/I
    U6                   INBUF (Prop_INBUF_HPIOB_M_PAD_O)
                                                      0.529     2.529 r  out_ready_IBUF_inst/INBUF_INST/O
                         net (fo=1, routed)           0.000     2.529    out_ready_IBUF_inst/OUT
    U6                   IBUFCTRL (Prop_IBUFCTRL_HPIOB_M_I_O)
                                                      0.000     2.529 r  out_ready_IBUF_inst/IBUFCTRL_INST/O
                         net (fo=4, routed)           1.506     4.035    out_ready_IBUF
    SLICE_X47Y124        LUT3 (Prop_A5LUT_SLICEL_I1_O)
                                                      0.085     4.120 r  in_ready_OBUF_inst_i_1/O
                         net (fo=2, routed)           1.338     5.458    in_ready_OBUF
    A4                   OBUF (Prop_OUTBUF_HPIOB_SNGL_I_O)
                                                      0.968     6.426 r  in_ready_OBUF_inst/O
                         net (fo=0)                   0.000     6.426    in_ready
    A4                                                                r  in_ready (OUT)
  -------------------------------------------------------------------    -------------------

                         (clock clk rise edge)       10.000    10.000 r
                         clock pessimism              0.000    10.000
                         clock uncertainty           -0.035     9.965
                         output delay                -2.000     7.965
  -------------------------------------------------------------------
                         required time                          7.965
                         arrival time                          -6.426
  -------------------------------------------------------------------
                         slack                                  1.538





Min Delay Paths
--------------------------------------------------------------------------------------
Slack (MET) :             0.077ns  (arrival time - required time)
  Source:                 product1_q_reg[14]/C
                            (rising edge-triggered cell FDRE clocked by clk  {rise@0.000ns fall@5.000ns period=10.000ns})
  Destination:            result_q_reg[14]/D
                            (rising edge-triggered cell FDRE clocked by clk  {rise@0.000ns fall@5.000ns period=10.000ns})
  Path Group:             clk
  Path Type:              Hold (Min at Fast Process Corner)
  Requirement:            0.000ns  (clk rise@0.000ns - clk rise@0.000ns)
  Data Path Delay:        0.188ns  (logic 0.071ns (37.763%)  route 0.117ns (62.237%))
  Logic Levels:           2  (CARRY8=1 LUT2=1)
  Clock Path Skew:        0.065ns (DCD - SCD - CPR)
    Destination Clock Delay (DCD):    1.243ns
    Source Clock Delay      (SCD):    0.912ns
    Clock Pessimism Removal (CPR):    0.266ns
  Clock Net Delay (Source):      0.609ns (routing 0.097ns, distribution 0.512ns)
  Clock Net Delay (Destination): 0.713ns (routing 0.108ns, distribution 0.605ns)

    Location             Delay type                Incr(ns)  Path(ns)    Netlist Resource(s)
  -------------------------------------------------------------------    -------------------
                         (clock clk rise edge)        0.000     0.000 r
    M3                                                0.000     0.000 r  clk (IN)
                         net (fo=0)                   0.000     0.000    clk_IBUF_inst/I
    M3                   INBUF (Prop_INBUF_HPIOB_M_PAD_O)
                                                      0.137     0.137 r  clk_IBUF_inst/INBUF_INST/O
                         net (fo=1, routed)           0.000     0.137    clk_IBUF_inst/OUT
    M3                   IBUFCTRL (Prop_IBUFCTRL_HPIOB_M_I_O)
                                                      0.000     0.137 r  clk_IBUF_inst/IBUFCTRL_INST/O
                         net (fo=1, routed)           0.149     0.286    clk_IBUF
    BUFGCE_X0Y47         BUFGCE (Prop_BUFCE_BUFGCE_I_O)
                                                      0.017     0.303 r  clk_IBUF_BUFG_inst/O
    X1Y1 (CLOCK_ROOT)    net (fo=84, routed)          0.609     0.912    clk_IBUF_BUFG
    SLICE_X47Y129        FDRE                                         r  product1_q_reg[14]/C
  -------------------------------------------------------------------    -------------------
    SLICE_X47Y129        FDRE (Prop_CFF_SLICEL_C_Q)
                                                      0.039     0.951 r  product1_q_reg[14]/Q
                         net (fo=2, routed)           0.098     1.049    product1_q[14]
    SLICE_X45Y128        LUT2 (Prop_G6LUT_SLICEM_I0_O)
                                                      0.014     1.063 r  result_q[15]_i_4/O
                         net (fo=1, routed)           0.012     1.075    result_q[15]_i_4_n_0
    SLICE_X45Y128        CARRY8 (Prop_CARRY8_SLICEM_S[6]_O[6])
                                                      0.018     1.093 r  result_q_reg[15]_i_1/O[6]
                         net (fo=1, routed)           0.007     1.100    sum_products[14]
    SLICE_X45Y128        FDRE                                         r  result_q_reg[14]/D
  -------------------------------------------------------------------    -------------------

                         (clock clk rise edge)        0.000     0.000 r
    M3                                                0.000     0.000 r  clk (IN)
                         net (fo=0)                   0.000     0.000    clk_IBUF_inst/I
    M3                   INBUF (Prop_INBUF_HPIOB_M_PAD_O)
                                                      0.322     0.322 r  clk_IBUF_inst/INBUF_INST/O
                         net (fo=1, routed)           0.000     0.322    clk_IBUF_inst/OUT
    M3                   IBUFCTRL (Prop_IBUFCTRL_HPIOB_M_I_O)
                                                      0.000     0.322 r  clk_IBUF_inst/IBUFCTRL_INST/O
                         net (fo=1, routed)           0.189     0.511    clk_IBUF
    BUFGCE_X0Y47         BUFGCE (Prop_BUFCE_BUFGCE_I_O)
                                                      0.019     0.530 r  clk_IBUF_BUFG_inst/O
    X1Y1 (CLOCK_ROOT)    net (fo=84, routed)          0.713     1.243    clk_IBUF_BUFG
    SLICE_X45Y128        FDRE                                         r  result_q_reg[14]/C
                         clock pessimism             -0.266     0.977
    SLICE_X45Y128        FDRE (Hold_GFF_SLICEM_C_D)
                                                      0.046     1.023    result_q_reg[14]
  -------------------------------------------------------------------
                         required time                         -1.023
                         arrival time                           1.100
  -------------------------------------------------------------------
                         slack                                  0.077





Pulse Width Checks
--------------------------------------------------------------------------------------
Clock Name:         clk
Waveform(ns):       { 0.000 5.000 }
Period(ns):         10.000
Sources:            { clk }

Check Type        Corner  Lib Pin   Reference Pin  Required(ns)  Actual(ns)  Slack(ns)  Location       Pin
Min Period        n/a     BUFGCE/I  n/a            1.499         10.000      8.501      BUFGCE_X0Y47   clk_IBUF_BUFG_inst/I
Low Pulse Width   Slow    FDRE/C    n/a            0.275         5.000       4.725      SLICE_X48Y120  product0_q_reg[0]/C
High Pulse Width  Slow    FDRE/C    n/a            0.275         5.000       4.725      SLICE_X48Y120  product0_q_reg[0]/C
