Copyright 1986-2022 Xilinx, Inc. All Rights Reserved. Copyright 2022-2025 Advanced Micro Devices, Inc. All Rights Reserved.
---------------------------------------------------------------------------------------------------------------------------------------------
| Tool Version : Vivado v.2025.1.1 (win64) Build 6233196 Thu Sep 11 21:27:30 MDT 2025
| Date         : Mon Jul 13 17:12:27 2026
| Host         : Fortune running 64-bit major release  (build 9200)
| Command      : report_drc -file C:/taylor_sim/post_route_drc.rpt
| Design       : dot_product_int8_vivado
| Device       : xczu3eg-sfva625-1L-i
| Speed File   : -1L
| Design State : Fully Routed
---------------------------------------------------------------------------------------------------------------------------------------------

Report DRC

Table of Contents
-----------------
1. REPORT SUMMARY
2. REPORT DETAILS

1. REPORT SUMMARY
-----------------
            Netlist: netlist
          Floorplan: impl_1
      Design limits: <entire design considered>
           Ruledeck: default
             Max checks: <unlimited>
             Checks found: 2
+--------+------------------+----------------------------+--------+
| Rule   | Severity         | Description                | Checks |
+--------+------------------+----------------------------+--------+
| NSTD-1 | Critical Warning | Unspecified I/O Standard   | 1      |
| UCIO-1 | Critical Warning | Unconstrained Logical Port | 1      |
+--------+------------------+----------------------------+--------+

2. REPORT DETAILS
-----------------
NSTD-1#1 Critical Warning
Unspecified I/O Standard
88 out of 88 logical ports use I/O standard (IOSTANDARD) value 'DEFAULT', instead of a user assigned specific value. This may cause I/O contention or incompatibility with the board power or connectivity affecting performance, signal integrity or in extreme cases cause damage to the device or the components to which it is connected. To correct this violation, specify all I/O standards. This design will fail to generate a bitstream unless all logical ports have a user specified I/O standard value defined. To allow bitstream creation with unspecified I/O standard values (not recommended), use this command: set_property SEVERITY {Warning} [get_drc_checks NSTD-1].  NOTE: When using the Vivado Runs infrastructure (e.g. launch_runs Tcl command), add this command to a .tcl file and add that file as a pre-hook for write_bitstream step for the implementation run. Problem ports: a_vec[31:0], b_vec[31:0], clk, in_ready, in_valid, out_data[17:0],
out_ready, out_valid, rst_n.
Related violations: <none>

UCIO-1#1 Critical Warning
Unconstrained Logical Port
88 out of 88 logical ports have no user assigned specific location constraint (LOC). This may cause I/O contention or incompatibility with the board power or connectivity affecting performance, signal integrity or in extreme cases cause damage to the device or the components to which it is connected. To correct this violation, specify all pin locations. This design will fail to generate a bitstream unless all logical ports have a user specified site LOC constraint defined.  To allow bitstream creation with unspecified pin locations (not recommended), use this command: set_property SEVERITY {Warning} [get_drc_checks UCIO-1].  NOTE: When using the Vivado Runs infrastructure (e.g. launch_runs Tcl command), add this command to a .tcl file and add that file as a pre-hook for write_bitstream step for the implementation run.  Problem ports: a_vec[31:0], b_vec[31:0], clk, in_ready, in_valid, out_data[17:0],
out_ready, out_valid, rst_n.
Related violations: <none>
